[DEBUG|main|L42] 2024-06-23T18:52:04+0300: debug message
[INFO|main|L43] 2024-06-23T18:52:04+0300: info message
[WARNING|main|L44] 2024-06-23T18:52:04+0300: warning message
[ERROR|main|L45] 2024-06-23T18:52:04+0300: error message
[CRITICAL|main|L46] 2024-06-23T18:52:04+0300: critical message
[ERROR|main|L50] 2024-06-23T18:52:04+0300: exception message
Traceback (most recent call last):
  File "/Users/mark/projects/sf_course_proj/src/main.py", line 48, in ping
    1 / 0
    ~~^~~
ZeroDivisionError: division by zero
[ERROR|main|L48] 2024-06-23T20:19:31+0300: CustomException: Item 3 at http://localhost:8000/items/3
[DEBUG|multipart|L626] 2024-06-24T11:48:24+0300: Calling on_field_start with no data
[DEBUG|multipart|L623] 2024-06-24T11:48:24+0300: Calling on_field_name with data[0:10]
[DEBUG|multipart|L623] 2024-06-24T11:48:24+0300: Calling on_field_data with data[11:19]
[DEBUG|multipart|L626] 2024-06-24T11:48:24+0300: Calling on_field_end with no data
[DEBUG|multipart|L626] 2024-06-24T11:48:24+0300: Calling on_field_start with no data
[DEBUG|multipart|L623] 2024-06-24T11:48:24+0300: Calling on_field_name with data[20:28]
[DEBUG|multipart|L623] 2024-06-24T11:48:24+0300: Calling on_field_data with data[29:47]
[DEBUG|multipart|L626] 2024-06-24T11:48:24+0300: Calling on_field_end with no data
[DEBUG|multipart|L626] 2024-06-24T11:48:24+0300: Calling on_field_start with no data
[DEBUG|multipart|L623] 2024-06-24T11:48:24+0300: Calling on_field_name with data[48:56]
[DEBUG|multipart|L623] 2024-06-24T11:48:24+0300: Calling on_field_data with data[57:63]
[DEBUG|multipart|L626] 2024-06-24T11:48:24+0300: Calling on_field_end with no data
[DEBUG|multipart|L626] 2024-06-24T11:48:24+0300: Calling on_end with no data
[WARNING|bcrypt|L622] 2024-06-24T11:48:24+0300: (trapped) error reading bcrypt version
Traceback (most recent call last):
  File "/Users/mark/Library/Caches/pypoetry/virtualenvs/sf-course-proj-o8TY_op9-py3.12/lib/python3.12/site-packages/passlib/handlers/bcrypt.py", line 620, in _load_backend_mixin
    version = _bcrypt.__about__.__version__
              ^^^^^^^^^^^^^^^^^
AttributeError: module 'bcrypt' has no attribute '__about__'
[DEBUG|bcrypt|L625] 2024-06-24T11:48:24+0300: detected 'bcrypt' backend, version '<unknown>'
[DEBUG|bcrypt|L406] 2024-06-24T11:48:24+0300: 'bcrypt' backend lacks $2$ support, enabling workaround
[DEBUG|multipart|L626] 2024-06-24T12:29:37+0300: Calling on_field_start with no data
[DEBUG|multipart|L623] 2024-06-24T12:29:37+0300: Calling on_field_name with data[0:10]
[DEBUG|multipart|L623] 2024-06-24T12:29:37+0300: Calling on_field_data with data[11:19]
[DEBUG|multipart|L626] 2024-06-24T12:29:37+0300: Calling on_field_end with no data
[DEBUG|multipart|L626] 2024-06-24T12:29:37+0300: Calling on_field_start with no data
[DEBUG|multipart|L623] 2024-06-24T12:29:37+0300: Calling on_field_name with data[20:28]
[DEBUG|multipart|L623] 2024-06-24T12:29:37+0300: Calling on_field_data with data[29:47]
[DEBUG|multipart|L626] 2024-06-24T12:29:37+0300: Calling on_field_end with no data
[DEBUG|multipart|L626] 2024-06-24T12:29:37+0300: Calling on_field_start with no data
[DEBUG|multipart|L623] 2024-06-24T12:29:37+0300: Calling on_field_name with data[48:56]
[DEBUG|multipart|L623] 2024-06-24T12:29:37+0300: Calling on_field_data with data[57:63]
[DEBUG|multipart|L626] 2024-06-24T12:29:37+0300: Calling on_field_end with no data
[DEBUG|multipart|L626] 2024-06-24T12:29:37+0300: Calling on_end with no data
